[0m15:08:12.402341 [debug] [MainThread]: Got an exception trying to initialize tracking


============================== 15:08:12.491878 | 073572cf-0f4a-406c-a49e-1bde72ae987c ==============================
[0m15:08:12.491878 [info ] [MainThread]: Running with dbt=1.11.2
[0m15:08:12.492884 [debug] [MainThread]: running dbt with arguments {'static_parser': 'True', 'no_print': 'None', 'version_check': 'True', 'warn_error_options': 'WarnErrorOptionsV2(error=[], warn=[], silence=[])', 'target_path': 'None', 'printer_width': '80', 'write_json': 'True', 'introspect': 'True', 'log_cache_events': 'False', 'empty': 'None', 'cache_selected_only': 'False', 'log_format': 'default', 'debug': 'False', 'fail_fast': 'False', 'partial_parse': 'True', 'send_anonymous_usage_stats': 'True', 'quiet': 'False', 'warn_error': 'None', 'profiles_dir': 'C:\\Users\\alfonsoe\\.dbt', 'use_colors': 'True', 'invocation_command': 'dbt init --skip-profile-setup airbnb', 'indirect_selection': 'eager', 'use_experimental_parser': 'False', 'log_path': 'logs'}
[0m15:08:12.545492 [debug] [MainThread]: Starter project path: C:\Program Files\miniforge3\Lib\site-packages\dbt\include\starter_project
[0m15:08:12.581882 [info ] [MainThread]: 
Your new dbt project "airbnb" was created!

For more information on how to configure the profiles.yml file,
please consult the dbt documentation here:

  https://docs.getdbt.com/docs/configure-your-profile

One more thing:

Need help? Don't hesitate to reach out to us via GitHub issues or on Slack:

  https://community.getdbt.com/

Happy modeling!

[0m15:08:12.584943 [debug] [MainThread]: Command `dbt init` succeeded at 15:08:12.583874 after 0.31 seconds
[0m15:08:12.585873 [debug] [MainThread]: Flushing usage events
[0m20:05:59.589097 [debug] [MainThread]: Got an exception trying to initialize tracking


============================== 20:05:59.682633 | f240e07a-739a-4bc4-9a13-e208af0ac798 ==============================
[0m20:05:59.682633 [info ] [MainThread]: Running with dbt=1.11.2
[0m20:05:59.683614 [debug] [MainThread]: running dbt with arguments {'version_check': 'True', 'no_print': 'None', 'static_parser': 'True', 'target_path': 'None', 'warn_error_options': 'WarnErrorOptionsV2(error=[], warn=[], silence=[])', 'printer_width': '80', 'write_json': 'True', 'empty': 'False', 'log_cache_events': 'False', 'introspect': 'True', 'cache_selected_only': 'False', 'log_format': 'default', 'debug': 'False', 'fail_fast': 'False', 'profiles_dir': 'C:\\Users\\alfonsoe\\.dbt', 'send_anonymous_usage_stats': 'True', 'quiet': 'False', 'warn_error': 'None', 'partial_parse': 'True', 'invocation_command': 'dbt run', 'indirect_selection': 'eager', 'use_colors': 'True', 'use_experimental_parser': 'False', 'log_path': 'logs'}
[0m20:05:59.684642 [error] [MainThread]: Encountered an error:
Runtime Error
  No dbt_project.yml found at expected path C:\Users\alfonsoe\Desktop\DBT_Zero_to_Hero\dbt_zerher\dbt_project.yml
  Verify that each entry within packages.yml (and their transitive dependencies) contains a file named dbt_project.yml
  
[0m20:05:59.685167 [debug] [MainThread]: Command `dbt run` failed at 20:05:59.685167 after 0.19 seconds
[0m20:05:59.685167 [debug] [MainThread]: Flushing usage events
[0m11:51:16.034143 [debug] [MainThread]: Got an exception trying to initialize tracking


============================== 11:51:16.116503 | fda2b836-ffab-4de1-b524-f37e01a85ee0 ==============================
[0m11:51:16.116503 [info ] [MainThread]: Running with dbt=1.11.2
[0m11:51:16.117467 [debug] [MainThread]: running dbt with arguments {'version_check': 'True', 'no_print': 'None', 'static_parser': 'True', 'warn_error_options': 'WarnErrorOptionsV2(error=[], warn=[], silence=[])', 'target_path': 'None', 'printer_width': '80', 'write_json': 'True', 'introspect': 'True', 'log_cache_events': 'False', 'empty': 'False', 'cache_selected_only': 'False', 'log_format': 'default', 'debug': 'False', 'fail_fast': 'False', 'profiles_dir': 'C:\\Users\\alfonsoe\\.dbt', 'send_anonymous_usage_stats': 'True', 'quiet': 'False', 'warn_error': 'None', 'partial_parse': 'True', 'use_colors': 'True', 'invocation_command': 'dbt run', 'indirect_selection': 'eager', 'use_experimental_parser': 'False', 'log_path': 'logs'}
[0m11:51:16.117467 [error] [MainThread]: Encountered an error:
Runtime Error
  No dbt_project.yml found at expected path C:\Users\alfonsoe\Desktop\DBT_Zero_to_Hero\dbt_zerher\dbt_project.yml
  Verify that each entry within packages.yml (and their transitive dependencies) contains a file named dbt_project.yml
  
[0m11:51:16.118468 [debug] [MainThread]: Command `dbt run` failed at 11:51:16.118468 after 0.21 seconds
[0m11:51:16.119553 [debug] [MainThread]: Flushing usage events
[0m20:41:52.698041 [debug] [MainThread]: Got an exception trying to initialize tracking


============================== 20:41:52.786030 | ca49d101-168c-485e-b5da-2776d1f6cfc6 ==============================
[0m20:41:52.786030 [info ] [MainThread]: Running with dbt=1.11.2
[0m20:41:52.786973 [debug] [MainThread]: running dbt with arguments {'static_parser': 'True', 'no_print': 'None', 'version_check': 'True', 'warn_error_options': 'WarnErrorOptionsV2(error=[], warn=[], silence=[])', 'target_path': 'None', 'printer_width': '80', 'write_json': 'True', 'introspect': 'True', 'log_cache_events': 'False', 'empty': 'None', 'cache_selected_only': 'False', 'log_format': 'default', 'debug': 'False', 'fail_fast': 'False', 'profiles_dir': 'C:\\Users\\alfonsoe\\.dbt', 'send_anonymous_usage_stats': 'True', 'quiet': 'False', 'warn_error': 'None', 'partial_parse': 'True', 'indirect_selection': 'eager', 'invocation_command': 'dbt seed', 'use_colors': 'True', 'use_experimental_parser': 'False', 'log_path': 'logs'}
[0m20:41:52.786973 [error] [MainThread]: Encountered an error:
Runtime Error
  No dbt_project.yml found at expected path C:\Users\alfonsoe\Desktop\DBT_Zero_to_Hero\dbt_zerher\dbt_project.yml
  Verify that each entry within packages.yml (and their transitive dependencies) contains a file named dbt_project.yml
  
[0m20:41:52.789012 [debug] [MainThread]: Command `dbt seed` failed at 20:41:52.788479 after 0.20 seconds
[0m20:41:52.789012 [debug] [MainThread]: Flushing usage events
[0m20:00:36.544439 [debug] [MainThread]: Got an exception trying to initialize tracking


============================== 20:00:36.672694 | e2e43b69-4646-4fbe-b397-a53d382d9664 ==============================
[0m20:00:36.672694 [info ] [MainThread]: Running with dbt=1.11.2
[0m20:00:36.680707 [debug] [MainThread]: running dbt with arguments {'version_check': 'True', 'no_print': 'None', 'static_parser': 'True', 'warn_error_options': 'WarnErrorOptionsV2(error=[], warn=[], silence=[])', 'target_path': 'None', 'printer_width': '80', 'write_json': 'True', 'empty': 'False', 'log_cache_events': 'False', 'introspect': 'True', 'cache_selected_only': 'False', 'log_format': 'default', 'debug': 'False', 'fail_fast': 'False', 'partial_parse': 'True', 'send_anonymous_usage_stats': 'True', 'quiet': 'False', 'warn_error': 'None', 'profiles_dir': 'C:\\Users\\alfonsoe\\.dbt', 'use_colors': 'True', 'indirect_selection': 'eager', 'invocation_command': 'dbt run', 'use_experimental_parser': 'False', 'log_path': 'logs'}
[0m20:00:36.681297 [error] [MainThread]: Encountered an error:
Runtime Error
  No dbt_project.yml found at expected path C:\Users\alfonsoe\Desktop\DBT_Zero_to_Hero\dbt_zerher\dbt_project.yml
  Verify that each entry within packages.yml (and their transitive dependencies) contains a file named dbt_project.yml
  
[0m20:00:36.682548 [debug] [MainThread]: Command `dbt run` failed at 20:00:36.682548 after 0.27 seconds
[0m20:00:36.682548 [debug] [MainThread]: Flushing usage events
